<?xml version="1.0" encoding="utf-8"?><testsuites name="pytest tests"><testsuite name="pytest" errors="0" failures="0" skipped="0" tests="17" time="3.460" timestamp="2026-06-27T09:49:20.079348+00:00" hostname="agent-env-9d1229b7-2573-4375-b9cf-620094381580"><testcase classname="tests.test_outputs_feedback.TestFeedback" name="test_fulfillment_can_create_comment_on_output" time="0.831" /><testcase classname="tests.test_outputs_feedback.TestOutputs" name="test_create_default_status_draft" time="0.743" /><testcase classname="tests.test_outputs_feedback.TestOutputs" name="test_om_can_update_own" time="0.232" /><testcase classname="tests.test_outputs_feedback.TestFeedback" name="test_bd_role_and_team_captured" time="0.092" /><testcase classname="tests.test_outputs_feedback.TestFeedback" name="test_admin_role_captured" time="0.094" /><testcase classname="tests.test_outputs_feedback.TestOutputs" name="test_second_fulfillment_cannot_edit_om_output" time="0.517" /><testcase classname="tests.test_outputs_feedback.TestFeedback" name="test_author_can_edit_own_text" time="0.098" /><testcase classname="tests.test_outputs_feedback.TestFeedback" name="test_non_author_non_admin_cannot_edit_text" time="0.130" /><testcase classname="tests.test_outputs_feedback.TestFeedback" name="test_any_role_with_access_can_change_status" time="0.192" /><testcase classname="tests.test_outputs_feedback.TestFeedback" name="test_non_author_non_admin_cannot_delete" time="0.100" /><testcase classname="tests.test_outputs_feedback.TestOutputs" name="test_admin_can_override_any_output" time="0.190" /><testcase classname="tests.test_outputs_feedback.TestFeedback" name="test_author_can_delete_own" time="0.094" /><testcase classname="tests.test_outputs_feedback.TestFeedback" name="test_bd_cross_team_cannot_create_feedback" time="0.102" /><testcase classname="tests.test_outputs_feedback.TestOutputs" name="test_bd_cannot_edit_output" time="0.239" /><testcase classname="tests.test_outputs_feedback.TestFeedback" name="test_get_deal_returns_output_id_on_comments" time="0.097" /><testcase classname="tests.test_outputs_feedback.TestOutputs" name="test_delete_cascades_comments" time="0.590" /><testcase classname="tests.test_outputs_feedback.TestOutputs" name="test_bd_does_not_see_draft_outputs" time="0.388" /></testsuite></testsuites>