<?xml version="1.0" encoding="utf-8"?><testsuites name="pytest tests"><testsuite name="pytest" errors="0" failures="0" skipped="0" tests="16" time="25.574" timestamp="2026-06-27T09:13:46.638480+00:00" hostname="agent-env-9d1229b7-2573-4375-b9cf-620094381580"><testcase classname="tests.test_preview_impersonation.TestImpersonationAuthMe" name="test_admin_impersonate_hooc_bd" time="0.224" /><testcase classname="tests.test_preview_impersonation.TestPreviewTargets" name="test_admin_can_list_targets" time="0.235" /><testcase classname="tests.test_preview_impersonation.TestImpersonationAuthMe" name="test_admin_no_header_returns_admin" time="0.090" /><testcase classname="tests.test_preview_impersonation.TestPreviewTargets" name="test_admin_targets_ordering" time="0.139" /><testcase classname="tests.test_preview_impersonation.TestImpersonationAuthMe" name="test_admin_impersonate_pending" time="0.103" /><testcase classname="tests.test_preview_impersonation.TestImpersonationAuthMe" name="test_admin_impersonate_fulfillment" time="0.097" /><testcase classname="tests.test_preview_impersonation.TestPreviewTargets" name="test_non_admin_403_on_targets" time="0.190" /><testcase classname="tests.test_preview_impersonation.TestImpersonationScoping" name="test_impersonate_hooc_sees_only_hooc_deals" time="0.095" /><testcase classname="tests.test_preview_impersonation.TestPreviewTargets" name="test_non_admin_with_impersonation_header_still_403" time="0.097" /><testcase classname="tests.test_preview_impersonation.TestImpersonationScoping" name="test_impersonate_fulfillment_strips_price_field" time="0.101" /><testcase classname="tests.test_preview_impersonation.TestImpersonationSecurity" name="test_non_admin_header_ignored_on_auth_me" time="0.099" /><testcase classname="tests.test_preview_impersonation.TestImpersonationScoping" name="test_impersonate_fulfillment_reports_overview" time="0.091" /><testcase classname="tests.test_preview_impersonation.TestImpersonationSecurity" name="test_non_admin_header_ignored_on_deals" time="12.314" /><testcase classname="tests.test_preview_impersonation.TestImpersonationScoping" name="test_impersonate_pending_blocked_from_deals" time="19.518" /><testcase classname="tests.test_preview_impersonation.TestImpersonationSecurity" name="test_pending_user_impersonation_ignored" time="0.218" /><testcase classname="tests.test_preview_impersonation.TestAdminRecordUnchanged" name="test_admin_role_unchanged_after_impersonation_cycle" time="4.700" /></testsuite></testsuites>