<?xml version="1.0" encoding="utf-8"?><testsuites name="pytest tests"><testsuite name="pytest" errors="0" failures="0" skipped="1" tests="23" time="3.270" timestamp="2026-06-27T08:39:34.160698+00:00" hostname="agent-env-9d1229b7-2573-4375-b9cf-620094381580"><testcase classname="tests.backend_test.TestAdminOnly" name="test_bd_cannot_list_users" time="0.767" /><testcase classname="tests.backend_test.TestDealsScoping" name="test_admin_sees_all" time="0.855" /><testcase classname="tests.backend_test.TestAdminOnly" name="test_bd_cannot_assign_role" time="0.185" /><testcase classname="tests.backend_test.TestDealsScoping" name="test_snoball_bd_team_scope" time="0.101" /><testcase classname="tests.backend_test.TestAdminOnly" name="test_bd_cannot_create_page" time="0.090" /><testcase classname="tests.backend_test.TestDealsScoping" name="test_fulfillment_only_approved" time="0.117" /><testcase classname="tests.backend_test.TestAdminOnly" name="test_admin_can_list_users" time="0.151" /><testcase classname="tests.backend_test.TestDealsScoping" name="test_bd_cross_team_deal_403" time="0.192" /><testcase classname="tests.backend_test.TestAdminOnly" name="test_admin_pages_count" time="0.126" /><testcase classname="tests.backend_test.TestDealsScoping" name="test_fulfillment_cannot_access_submitted" time="0.225" /><testcase classname="tests.backend_test.TestAuth" name="test_dev_session_admin" time="0.097" /><testcase classname="tests.backend_test.TestAuth" name="test_dev_session_unknown" time="0.099" /><testcase classname="tests.backend_test.TestOverview" name="test_admin_overview" time="0.104" /><testcase classname="tests.backend_test.TestAuth" name="test_me_admin" time="0.140" /><testcase classname="tests.backend_test.TestOverview" name="test_overview_date_range" time="0.142" /><testcase classname="tests.backend_test.TestAuth" name="test_me_unauth" time="0.136" /><testcase classname="tests.backend_test.TestOverview" name="test_fulfillment_overview_no_revenue" time="0.136" /><testcase classname="tests.backend_test.TestBriefFlow" name="test_bd_submit_brief" time="0.305" /><testcase classname="tests.backend_test.TestApproveRazorpay" name="test_approve_razorpay_then_persist" time="0.304" /><testcase classname="tests.backend_test.TestBriefFlow" name="test_bd_feedback" time="0.242" /><testcase classname="tests.backend_test.TestFulfillmentActions" name="test_output_note_deliverable" time="0.517" /><testcase classname="tests.backend_test.TestPayment" name="test_admin_update_payment" time="0.297" /><testcase classname="tests.backend_test.TestPendingUser" name="test_create_pending_user_via_session" time="0.000"><skipped type="pytest.skip" message="Pending user flow needs DB-level insert; verified at code review level.">/app/backend/tests/backend_test.py:260: Pending user flow needs DB-level insert; verified at code review level.</skipped></testcase></testsuite></testsuites>